{
  "stats": {
    "suites": 3,
    "tests": 3,
    "passes": 3,
    "pending": 0,
    "failures": 0,
    "start": "2022-09-13T17:04:21.423Z",
    "end": "2022-09-13T17:04:22.023Z",
    "duration": 600,
    "testsRegistered": 3,
    "passPercent": 100,
    "pendingPercent": 0,
    "other": 0,
    "hasOther": false,
    "skipped": 0,
    "hasSkipped": false
  },
  "results": [
    {
      "uuid": "ab066ce5-5318-48e5-933f-7b3f800df4af",
      "title": "",
      "fullFile": "/Users/anchain/playground/test/Lock.js",
      "file": "/test/Lock.js",
      "beforeHooks": [],
      "afterHooks": [],
      "tests": [],
      "suites": [
        {
          "uuid": "8c63f4df-fac1-4991-b7e7-329b4c84f8bc",
          "title": "filename is here",
          "fullFile": "/Users/anchain/playground/test/Lock.js",
          "file": "/test/Lock.js",
          "beforeHooks": [],
          "afterHooks": [],
          "tests": [],
          "suites": [
            {
              "uuid": "93f7612c-845a-497b-8fc1-f8a55aceaced",
              "title": "__functionName1__function transfer(address recipient, uint256 amount) public override__this is the description__specification is here",
              "fullFile": "/Users/anchain/playground/test/Lock.js",
              "file": "/test/Lock.js",
              "beforeHooks": [],
              "afterHooks": [],
              "tests": [
                {
                  "title": "__test name 1",
                  "fullTitle": "filename is here __functionName1__function transfer(address recipient, uint256 amount) public override__this is the description__specification is here __test name 1",
                  "timedOut": false,
                  "duration": 588,
                  "state": "passed",
                  "speed": "slow",
                  "pass": true,
                  "fail": false,
                  "pending": false,
                  "context": null,
                  "code": "const { lock, unlockTime } = await loadFixture(deployOneYearLockFixture);\nexpect(await lock.unlockTime()).to.equal(unlockTime);",
                  "err": {},
                  "uuid": "91b0086a-5dca-4d72-8b03-a60ca2fb9932",
                  "parentUUID": "93f7612c-845a-497b-8fc1-f8a55aceaced",
                  "isHook": false,
                  "skipped": false
                },
                {
                  "title": "__test name 2",
                  "fullTitle": "filename is here __functionName1__function transfer(address recipient, uint256 amount) public override__this is the description__specification is here __test name 2",
                  "timedOut": false,
                  "duration": 5,
                  "state": "passed",
                  "speed": "fast",
                  "pass": true,
                  "fail": false,
                  "pending": false,
                  "context": null,
                  "code": "const { lock, unlockTime } = await loadFixture(deployOneYearLockFixture);\nexpect(await lock.unlockTime()).to.equal(unlockTime);",
                  "err": {},
                  "uuid": "45828df0-a005-4992-8bf6-acf07c8910b1",
                  "parentUUID": "93f7612c-845a-497b-8fc1-f8a55aceaced",
                  "isHook": false,
                  "skipped": false
                }
              ],
              "suites": [],
              "passes": [
                "91b0086a-5dca-4d72-8b03-a60ca2fb9932",
                "45828df0-a005-4992-8bf6-acf07c8910b1"
              ],
              "failures": [],
              "pending": [],
              "skipped": [],
              "duration": 593,
              "root": false,
              "rootEmpty": false,
              "_timeout": 2000
            },
            {
              "uuid": "776f4965-2631-475d-b8b6-cb4ff96f93aa",
              "title": "__functionName2__function transferFrom(address recipient, uint256 amount) public override__this is the description__specification is here",
              "fullFile": "/Users/anchain/playground/test/Lock.js",
              "file": "/test/Lock.js",
              "beforeHooks": [],
              "afterHooks": [],
              "tests": [
                {
                  "title": "__test name 1",
                  "fullTitle": "filename is here __functionName2__function transferFrom(address recipient, uint256 amount) public override__this is the description__specification is here __test name 1",
                  "timedOut": false,
                  "duration": 4,
                  "state": "passed",
                  "speed": "fast",
                  "pass": true,
                  "fail": false,
                  "pending": false,
                  "context": null,
                  "code": "const { lock, unlockTime } = await loadFixture(deployOneYearLockFixture);\nexpect(await lock.unlockTime()).to.equal(unlockTime);",
                  "err": {},
                  "uuid": "f4046e9f-0ba6-44d5-a2c9-7af24d8494a4",
                  "parentUUID": "776f4965-2631-475d-b8b6-cb4ff96f93aa",
                  "isHook": false,
                  "skipped": false
                }
              ],
              "suites": [],
              "passes": [
                "f4046e9f-0ba6-44d5-a2c9-7af24d8494a4"
              ],
              "failures": [],
              "pending": [],
              "skipped": [],
              "duration": 4,
              "root": false,
              "rootEmpty": false,
              "_timeout": 2000
            }
          ],
          "passes": [],
          "failures": [],
          "pending": [],
          "skipped": [],
          "duration": 0,
          "root": false,
          "rootEmpty": false,
          "_timeout": 2000
        }
      ],
      "passes": [],
      "failures": [],
      "pending": [],
      "skipped": [],
      "duration": 0,
      "root": true,
      "rootEmpty": true,
      "_timeout": 2000
    }
  ],
  "meta": {
    "mocha": {
      "version": "10.0.0"
    },
    "mochawesome": {
      "options": {
        "quiet": false,
        "reportFilename": "mochawesome",
        "saveHtml": true,
        "saveJson": true,
        "consoleReporter": "spec",
        "useInlineDiffs": false,
        "code": true
      },
      "version": "7.1.3"
    },
    "marge": {
      "options": null,
      "version": "6.2.0"
    }
  }
}